{"level":"info","message":"undefined - API Server Start At Port 3000","timestamp":"2022-12-04 14:16:36"}
{"level":"info","message":"undefined - API Server Start At Port 3000","timestamp":"2022-12-04 14:16:50"}
{"level":"info","message":"undefined - API Server Start At Port 3000","timestamp":"2022-12-04 14:17:25"}
{"level":"info","message":"undefined - API Server Start At Port 3000","timestamp":"2022-12-04 14:18:20"}
{"level":"info","message":"undefined - API Server Start At Port 3000","timestamp":"2022-12-04 14:20:10"}
{"level":"info","message":"undefined - API Server Start At Port 3000","timestamp":"2022-12-04 14:20:17"}
{"level":"info","message":"undefined - API Server Start At Port 3000","timestamp":"2022-12-04 14:21:30"}
{"level":"info","message":"undefined - API Server Start At Port 3000","timestamp":"2022-12-04 14:22:21"}
{"level":"info","message":"undefined - API Server Start At Port 3000","timestamp":"2022-12-04 14:22:24"}
{"level":"info","message":"undefined - API Server Start At Port 3000","timestamp":"2022-12-04 14:22:25"}
{"level":"info","message":"undefined - API Server Start At Port 3000","timestamp":"2022-12-04 14:22:48"}
{"level":"info","message":"undefined - API Server Start At Port 3000","timestamp":"2022-12-04 14:29:06"}
{"level":"info","message":"undefined - API Server Start At Port 3000","timestamp":"2022-12-04 14:29:08"}
{"level":"info","message":"undefined - API Server Start At Port 3000","timestamp":"2022-12-04 14:29:23"}
{"level":"info","message":"undefined - API Server Start At Port 3000","timestamp":"2022-12-04 14:29:36"}
{"level":"info","message":"undefined - API Server Start At Port 3000","timestamp":"2022-12-04 14:29:55"}
{"level":"info","message":"undefined - API Server Start At Port 3000","timestamp":"2022-12-04 14:30:03"}
{"level":"info","message":"undefined - API Server Start At Port 3000","timestamp":"2022-12-04 14:30:09"}
{"level":"info","message":"undefined - API Server Start At Port 3000","timestamp":"2022-12-04 14:30:14"}
{"level":"info","message":"undefined - API Server Start At Port 3000","timestamp":"2022-12-04 14:30:27"}
{"level":"info","message":"undefined - API Server Start At Port 3000","timestamp":"2022-12-04 14:30:33"}
{"level":"info","message":"undefined - API Server Start At Port 3000","timestamp":"2022-12-04 14:30:36"}
{"level":"info","message":"undefined - API Server Start At Port 3000","timestamp":"2022-12-04 14:30:36"}
{"level":"info","message":"undefined - API Server Start At Port 3000","timestamp":"2022-12-04 14:30:41"}
{"level":"info","message":"undefined - API Server Start At Port 3000","timestamp":"2022-12-04 14:30:56"}
{"level":"info","message":"undefined - API Server Start At Port 3000","timestamp":"2022-12-04 14:31:18"}
{"level":"info","message":"undefined - API Server Start At Port 3000","timestamp":"2022-12-04 14:33:35"}
{"level":"info","message":"undefined - API Server Start At Port 3000","timestamp":"2022-12-04 14:36:08"}
{"level":"info","message":"undefined - API Server Start At Port 3000","timestamp":"2022-12-04 14:38:10"}
{"level":"info","message":"undefined - API Server Start At Port 3000","timestamp":"2022-12-04 14:38:19"}
{"level":"info","message":"undefined - API Server Start At Port 3000","timestamp":"2022-12-04 14:38:31"}
{"level":"info","message":"undefined - API Server Start At Port 3000","timestamp":"2022-12-04 14:38:43"}
{"level":"info","message":"undefined - API Server Start At Port 3000","timestamp":"2022-12-04 14:39:03"}
{"level":"info","message":"undefined - API Server Start At Port 3000","timestamp":"2022-12-04 14:39:09"}
{"level":"info","message":"undefined - API Server Start At Port 3000","timestamp":"2022-12-04 14:39:17"}
{"level":"info","message":"undefined - API Server Start At Port 3000","timestamp":"2022-12-04 14:39:21"}
{"level":"info","message":"undefined - API Server Start At Port 3000","timestamp":"2022-12-04 14:41:41"}
{"level":"info","message":"undefined - API Server Start At Port 3000","timestamp":"2022-12-04 14:41:52"}
{"level":"info","message":"undefined - API Server Start At Port 3000","timestamp":"2022-12-04 14:41:54"}
{"level":"info","message":"undefined - API Server Start At Port 3000","timestamp":"2022-12-04 14:41:57"}
{"level":"info","message":"undefined - API Server Start At Port 3000","timestamp":"2022-12-04 14:42:03"}
{"level":"info","message":"undefined - API Server Start At Port 3000","timestamp":"2022-12-04 14:42:42"}
{"level":"info","message":"undefined - API Server Start At Port 3000","timestamp":"2022-12-04 14:42:43"}
{"level":"info","message":"undefined - API Server Start At Port 3000","timestamp":"2022-12-04 14:42:47"}
{"level":"info","message":"undefined - API Server Start At Port 3000","timestamp":"2022-12-04 14:43:01"}
{"level":"info","message":"undefined - API Server Start At Port 3000","timestamp":"2022-12-04 14:49:00"}
{"level":"info","message":"undefined - API Server Start At Port 3000","timestamp":"2022-12-04 14:49:11"}
{"level":"info","message":"undefined - API Server Start At Port 3000","timestamp":"2022-12-04 14:49:26"}
{"level":"info","message":"undefined - API Server Start At Port 3000","timestamp":"2022-12-04 14:50:53"}
{"level":"info","message":"undefined - API Server Start At Port 3000","timestamp":"2022-12-04 14:51:31"}
{"level":"info","message":"undefined - API Server Start At Port 3000","timestamp":"2022-12-04 14:51:36"}
{"level":"info","message":"undefined - API Server Start At Port 3000","timestamp":"2022-12-04 14:52:12"}
{"level":"info","message":"undefined - API Server Start At Port 3000","timestamp":"2022-12-04 14:52:20"}
{"level":"info","message":"undefined - API Server Start At Port 3000","timestamp":"2022-12-04 14:52:31"}
{"level":"info","message":"undefined - API Server Start At Port 3000","timestamp":"2022-12-04 14:52:31"}
{"level":"info","message":"undefined - API Server Start At Port 3000","timestamp":"2022-12-04 14:52:45"}
{"level":"info","message":"undefined - API Server Start At Port 3000","timestamp":"2022-12-04 14:52:48"}
{"level":"info","message":"undefined - API Server Start At Port 3000","timestamp":"2022-12-04 14:52:55"}
{"level":"info","message":"undefined - API Server Start At Port 3000","timestamp":"2022-12-04 14:53:12"}
{"level":"info","message":"undefined - API Server Start At Port 3000","timestamp":"2022-12-04 14:53:15"}
{"level":"info","message":"undefined - API Server Start At Port 3000","timestamp":"2022-12-04 14:53:31"}
{"level":"info","message":"undefined - API Server Start At Port 3000","timestamp":"2022-12-04 14:53:32"}
{"level":"info","message":"undefined - API Server Start At Port 3000","timestamp":"2022-12-04 14:54:36"}
{"level":"info","message":"undefined - API Server Start At Port 3000","timestamp":"2022-12-04 14:55:03"}
{"level":"info","message":"undefined - API Server Start At Port 3000","timestamp":"2022-12-04 14:55:45"}
{"level":"info","message":"undefined - API Server Start At Port 3000","timestamp":"2022-12-04 14:56:07"}
{"level":"info","message":"undefined - API Server Start At Port 3000","timestamp":"2022-12-04 14:58:42"}
{"level":"info","message":"undefined - API Server Start At Port 3000","timestamp":"2022-12-04 14:59:12"}
{"level":"info","message":"undefined - API Server Start At Port 3000","timestamp":"2022-12-04 14:59:13"}
{"level":"error","message":"App - searchTrade Service error\n: Callback function is not available with promise clients.","timestamp":"2022-12-04 14:59:18"}
{"level":"info","message":"undefined - API Server Start At Port 3000","timestamp":"2022-12-04 15:01:07"}
{"level":"info","message":"undefined - API Server Start At Port 3000","timestamp":"2022-12-04 15:01:07"}
{"level":"info","message":"undefined - API Server Start At Port 3000","timestamp":"2022-12-04 15:02:01"}
{"level":"info","message":"undefined - API Server Start At Port 3000","timestamp":"2022-12-04 15:02:22"}
{"level":"info","message":"undefined - API Server Start At Port 3000","timestamp":"2022-12-04 15:02:22"}
{"level":"info","message":"undefined - API Server Start At Port 3000","timestamp":"2022-12-04 15:02:25"}
{"level":"error","message":"App - searchTrade Service error\n: Callback function is not available with promise clients.","timestamp":"2022-12-04 15:02:28"}
{"level":"info","message":"undefined - API Server Start At Port 3000","timestamp":"2022-12-04 15:06:04"}
{"level":"info","message":"undefined - API Server Start At Port 3000","timestamp":"2022-12-04 15:07:12"}
{"level":"error","message":"App - searchTrade Service error\n: Callback function is not available with promise clients.","timestamp":"2022-12-04 15:07:30"}
{"level":"info","message":"undefined - API Server Start At Port 3000","timestamp":"2022-12-04 15:07:48"}
{"level":"info","message":"undefined - API Server Start At Port 3000","timestamp":"2022-12-04 15:08:09"}
{"level":"info","message":"undefined - API Server Start At Port 3000","timestamp":"2022-12-04 15:08:15"}
{"level":"info","message":"undefined - API Server Start At Port 3000","timestamp":"2022-12-04 15:08:16"}
{"level":"info","message":"undefined - API Server Start At Port 3000","timestamp":"2022-12-04 15:08:37"}
{"level":"info","message":"undefined - API Server Start At Port 3000","timestamp":"2022-12-04 15:08:41"}
{"level":"info","message":"undefined - API Server Start At Port 3000","timestamp":"2022-12-04 15:08:41"}
{"level":"info","message":"undefined - API Server Start At Port 3000","timestamp":"2022-12-04 15:08:46"}
{"level":"info","message":"undefined - API Server Start At Port 3000","timestamp":"2022-12-04 15:09:01"}
{"level":"info","message":"undefined - API Server Start At Port 3000","timestamp":"2022-12-04 15:09:12"}
{"level":"info","message":"undefined - API Server Start At Port 3000","timestamp":"2022-12-04 15:09:35"}
{"level":"error","message":"App - searchTrade Service error\n: Callback function is not available with promise clients.","timestamp":"2022-12-04 15:09:40"}
{"level":"info","message":"undefined - API Server Start At Port 3000","timestamp":"2022-12-04 15:10:01"}
{"level":"info","message":"undefined - API Server Start At Port 3000","timestamp":"2022-12-04 15:10:02"}
{"level":"info","message":"undefined - API Server Start At Port 3000","timestamp":"2022-12-04 15:10:07"}
{"level":"info","message":"undefined - API Server Start At Port 3000","timestamp":"2022-12-04 15:10:31"}
{"level":"info","message":"undefined - API Server Start At Port 3000","timestamp":"2022-12-04 15:11:14"}
{"level":"info","message":"undefined - API Server Start At Port 3000","timestamp":"2022-12-04 15:11:40"}
{"level":"info","message":"undefined - API Server Start At Port 3000","timestamp":"2022-12-04 15:11:59"}
{"level":"info","message":"undefined - API Server Start At Port 3000","timestamp":"2022-12-04 15:12:12"}
{"level":"info","message":"undefined - API Server Start At Port 3000","timestamp":"2022-12-04 15:12:23"}
{"level":"info","message":"undefined - API Server Start At Port 3000","timestamp":"2022-12-04 15:12:38"}
{"level":"info","message":"undefined - API Server Start At Port 3000","timestamp":"2022-12-04 15:15:45"}
{"level":"error","message":"App - searchTrade Service error\n: searchTradeResult.length is not a function","timestamp":"2022-12-04 15:15:51"}
{"level":"info","message":"undefined - API Server Start At Port 3000","timestamp":"2022-12-04 15:16:16"}
{"level":"info","message":"undefined - API Server Start At Port 3000","timestamp":"2022-12-04 15:17:39"}
{"level":"info","message":"undefined - API Server Start At Port 3000","timestamp":"2022-12-04 15:18:40"}
{"level":"info","message":"undefined - API Server Start At Port 3000","timestamp":"2022-12-04 15:19:49"}
{"level":"info","message":"undefined - API Server Start At Port 3000","timestamp":"2022-12-04 15:19:49"}
{"level":"info","message":"undefined - API Server Start At Port 3000","timestamp":"2022-12-04 15:20:09"}
{"level":"info","message":"undefined - API Server Start At Port 3000","timestamp":"2022-12-04 15:20:16"}
{"level":"info","message":"undefined - API Server Start At Port 3000","timestamp":"2022-12-04 15:20:23"}
{"level":"info","message":"undefined - API Server Start At Port 3000","timestamp":"2022-12-04 15:20:35"}
{"level":"info","message":"undefined - API Server Start At Port 3000","timestamp":"2022-12-04 15:20:57"}
{"level":"info","message":"undefined - API Server Start At Port 3000","timestamp":"2022-12-04 15:21:08"}
{"level":"info","message":"undefined - API Server Start At Port 3000","timestamp":"2022-12-04 15:21:12"}
{"level":"info","message":"undefined - API Server Start At Port 3000","timestamp":"2022-12-04 15:21:15"}
{"level":"info","message":"undefined - API Server Start At Port 3000","timestamp":"2022-12-04 15:21:21"}
{"level":"info","message":"undefined - API Server Start At Port 3000","timestamp":"2022-12-04 15:21:28"}
{"level":"info","message":"undefined - API Server Start At Port 3000","timestamp":"2022-12-04 15:21:29"}
{"level":"info","message":"undefined - API Server Start At Port 3000","timestamp":"2022-12-04 15:21:35"}
{"level":"info","message":"undefined - API Server Start At Port 3000","timestamp":"2022-12-04 15:27:39"}
{"level":"info","message":"undefined - API Server Start At Port 3000","timestamp":"2022-12-04 15:27:52"}
{"level":"info","message":"undefined - API Server Start At Port 3000","timestamp":"2022-12-04 15:28:19"}
{"level":"info","message":"undefined - API Server Start At Port 3000","timestamp":"2022-12-04 15:28:24"}
{"level":"info","message":"undefined - API Server Start At Port 3000","timestamp":"2022-12-04 15:28:55"}
{"level":"info","message":"undefined - API Server Start At Port 3000","timestamp":"2022-12-04 15:29:05"}
{"level":"info","message":"undefined - API Server Start At Port 3000","timestamp":"2022-12-04 15:29:10"}
{"level":"info","message":"undefined - API Server Start At Port 3000","timestamp":"2022-12-04 15:29:11"}
{"level":"error","message":"App - searchTrade Service error\n: profileDao.selectSaleTradeLand is not a function","timestamp":"2022-12-04 15:29:13"}
{"level":"info","message":"undefined - API Server Start At Port 3000","timestamp":"2022-12-04 15:29:34"}
{"level":"info","message":"undefined - API Server Start At Port 3000","timestamp":"2022-12-04 15:29:38"}
{"level":"info","message":"undefined - API Server Start At Port 3000","timestamp":"2022-12-04 15:30:40"}
{"level":"info","message":"undefined - API Server Start At Port 3000","timestamp":"2022-12-04 15:30:46"}
{"level":"info","message":"undefined - API Server Start At Port 3000","timestamp":"2022-12-04 15:30:48"}
{"level":"info","message":"undefined - API Server Start At Port 3000","timestamp":"2022-12-04 15:31:30"}
{"level":"info","message":"undefined - API Server Start At Port 3000","timestamp":"2022-12-04 15:31:55"}
{"level":"info","message":"undefined - API Server Start At Port 3000","timestamp":"2022-12-04 15:32:15"}
{"level":"info","message":"undefined - API Server Start At Port 3000","timestamp":"2022-12-04 15:32:18"}
{"level":"info","message":"undefined - API Server Start At Port 3000","timestamp":"2022-12-04 15:35:00"}
{"level":"info","message":"undefined - API Server Start At Port 3000","timestamp":"2022-12-04 15:39:26"}
{"level":"info","message":"undefined - API Server Start At Port 3000","timestamp":"2022-12-04 15:41:43"}
{"level":"info","message":"undefined - API Server Start At Port 3000","timestamp":"2022-12-04 15:41:49"}
{"level":"info","message":"undefined - API Server Start At Port 3000","timestamp":"2022-12-04 15:41:51"}
{"level":"info","message":"undefined - API Server Start At Port 3000","timestamp":"2022-12-04 15:41:56"}
{"level":"info","message":"undefined - API Server Start At Port 3000","timestamp":"2022-12-04 15:41:56"}
{"level":"info","message":"undefined - API Server Start At Port 3000","timestamp":"2022-12-04 15:42:16"}
{"level":"info","message":"undefined - API Server Start At Port 3000","timestamp":"2022-12-04 15:42:42"}
{"level":"info","message":"undefined - API Server Start At Port 3000","timestamp":"2022-12-04 15:44:02"}
{"level":"info","message":"undefined - API Server Start At Port 3000","timestamp":"2022-12-04 15:45:11"}
{"level":"info","message":"undefined - API Server Start At Port 3000","timestamp":"2022-12-04 15:46:56"}
{"level":"info","message":"undefined - API Server Start At Port 3000","timestamp":"2022-12-04 15:47:59"}
{"level":"info","message":"undefined - API Server Start At Port 3000","timestamp":"2022-12-04 15:48:17"}
{"level":"info","message":"undefined - API Server Start At Port 3000","timestamp":"2022-12-04 15:49:17"}
{"level":"info","message":"undefined - API Server Start At Port 3000","timestamp":"2022-12-04 15:49:34"}
{"level":"info","message":"undefined - API Server Start At Port 3000","timestamp":"2022-12-04 15:50:36"}
{"level":"info","message":"undefined - API Server Start At Port 3000","timestamp":"2022-12-04 15:50:39"}
{"level":"info","message":"undefined - API Server Start At Port 3000","timestamp":"2022-12-04 15:50:43"}
{"level":"info","message":"undefined - API Server Start At Port 3000","timestamp":"2022-12-04 15:50:44"}
{"level":"info","message":"undefined - API Server Start At Port 3000","timestamp":"2022-12-04 15:51:04"}
{"level":"info","message":"undefined - API Server Start At Port 3000","timestamp":"2022-12-04 15:55:04"}
{"level":"info","message":"undefined - API Server Start At Port 3000","timestamp":"2022-12-04 15:55:55"}
{"level":"info","message":"undefined - API Server Start At Port 3000","timestamp":"2022-12-04 15:55:57"}
{"level":"info","message":"undefined - API Server Start At Port 3000","timestamp":"2022-12-04 15:55:59"}
{"level":"info","message":"undefined - API Server Start At Port 3000","timestamp":"2022-12-04 15:56:02"}
{"level":"info","message":"undefined - API Server Start At Port 3000","timestamp":"2022-12-04 15:56:11"}
{"level":"info","message":"undefined - API Server Start At Port 3000","timestamp":"2022-12-04 15:56:39"}
{"level":"info","message":"undefined - API Server Start At Port 3000","timestamp":"2022-12-04 15:57:09"}
{"level":"info","message":"undefined - API Server Start At Port 3000","timestamp":"2022-12-04 15:57:14"}
{"level":"info","message":"undefined - API Server Start At Port 3000","timestamp":"2022-12-04 15:57:18"}
{"level":"info","message":"undefined - API Server Start At Port 3000","timestamp":"2022-12-04 15:57:20"}
{"level":"info","message":"undefined - API Server Start At Port 3000","timestamp":"2022-12-04 15:57:22"}
{"level":"info","message":"undefined - API Server Start At Port 3000","timestamp":"2022-12-04 15:57:38"}
{"level":"info","message":"undefined - API Server Start At Port 3000","timestamp":"2022-12-04 15:57:46"}
{"level":"info","message":"undefined - API Server Start At Port 3000","timestamp":"2022-12-04 15:57:58"}
{"level":"info","message":"undefined - API Server Start At Port 3000","timestamp":"2022-12-04 15:58:09"}
{"level":"info","message":"undefined - API Server Start At Port 3000","timestamp":"2022-12-04 15:58:28"}
{"level":"info","message":"undefined - API Server Start At Port 3000","timestamp":"2022-12-04 15:58:31"}
{"level":"info","message":"undefined - API Server Start At Port 3000","timestamp":"2022-12-04 15:58:44"}
{"level":"info","message":"undefined - API Server Start At Port 3000","timestamp":"2022-12-04 16:00:07"}
{"level":"info","message":"undefined - API Server Start At Port 3000","timestamp":"2022-12-04 16:00:21"}
{"level":"info","message":"undefined - API Server Start At Port 3000","timestamp":"2022-12-04 16:00:31"}
{"level":"info","message":"undefined - API Server Start At Port 3000","timestamp":"2022-12-04 16:01:14"}
{"level":"info","message":"undefined - API Server Start At Port 3000","timestamp":"2022-12-04 16:01:53"}
{"level":"info","message":"undefined - API Server Start At Port 3000","timestamp":"2022-12-04 16:01:59"}
{"level":"info","message":"undefined - API Server Start At Port 3000","timestamp":"2022-12-04 16:02:54"}
{"level":"info","message":"undefined - API Server Start At Port 3000","timestamp":"2022-12-04 16:03:45"}
{"level":"info","message":"undefined - API Server Start At Port 3000","timestamp":"2022-12-04 16:03:46"}
{"level":"info","message":"undefined - API Server Start At Port 3000","timestamp":"2022-12-04 16:03:49"}
{"level":"info","message":"undefined - API Server Start At Port 3000","timestamp":"2022-12-04 16:17:30"}
{"level":"info","message":"undefined - API Server Start At Port 3000","timestamp":"2022-12-04 16:18:25"}
{"level":"info","message":"undefined - API Server Start At Port 3000","timestamp":"2022-12-04 16:19:02"}
{"level":"info","message":"undefined - API Server Start At Port 3000","timestamp":"2022-12-04 16:21:33"}
{"level":"info","message":"undefined - API Server Start At Port 3000","timestamp":"2022-12-04 16:21:35"}
{"level":"info","message":"undefined - API Server Start At Port 3000","timestamp":"2022-12-04 16:22:14"}
{"level":"info","message":"undefined - API Server Start At Port 3000","timestamp":"2022-12-04 16:22:15"}
{"level":"info","message":"undefined - API Server Start At Port 3000","timestamp":"2022-12-04 16:22:24"}
{"level":"info","message":"undefined - API Server Start At Port 3000","timestamp":"2022-12-04 16:22:31"}
{"level":"info","message":"undefined - API Server Start At Port 3000","timestamp":"2022-12-04 16:22:33"}
{"level":"info","message":"undefined - API Server Start At Port 3000","timestamp":"2022-12-04 16:22:40"}
{"level":"info","message":"undefined - API Server Start At Port 3000","timestamp":"2022-12-04 16:22:48"}
{"level":"info","message":"undefined - API Server Start At Port 3000","timestamp":"2022-12-04 16:22:51"}
{"level":"info","message":"undefined - API Server Start At Port 3000","timestamp":"2022-12-04 16:23:38"}
{"level":"info","message":"undefined - API Server Start At Port 3000","timestamp":"2022-12-04 16:23:49"}
{"level":"info","message":"undefined - API Server Start At Port 3000","timestamp":"2022-12-04 16:25:00"}
{"level":"info","message":"undefined - API Server Start At Port 3000","timestamp":"2022-12-04 16:25:00"}
{"level":"info","message":"undefined - API Server Start At Port 3000","timestamp":"2022-12-04 16:25:29"}
{"level":"info","message":"undefined - API Server Start At Port 3000","timestamp":"2022-12-04 16:25:33"}
{"level":"info","message":"undefined - API Server Start At Port 3000","timestamp":"2022-12-04 16:25:37"}
{"level":"info","message":"undefined - API Server Start At Port 3000","timestamp":"2022-12-04 16:25:42"}
{"level":"info","message":"undefined - API Server Start At Port 3000","timestamp":"2022-12-04 16:26:23"}
{"level":"info","message":"undefined - API Server Start At Port 3000","timestamp":"2022-12-04 16:26:44"}
{"level":"info","message":"undefined - API Server Start At Port 3000","timestamp":"2022-12-04 16:26:53"}
{"level":"info","message":"undefined - API Server Start At Port 3000","timestamp":"2022-12-04 16:27:27"}
{"level":"info","message":"undefined - API Server Start At Port 3000","timestamp":"2022-12-04 16:28:18"}
{"level":"info","message":"undefined - API Server Start At Port 3000","timestamp":"2022-12-04 16:28:23"}
{"level":"info","message":"undefined - API Server Start At Port 3000","timestamp":"2022-12-04 16:28:40"}
{"level":"info","message":"undefined - API Server Start At Port 3000","timestamp":"2022-12-04 16:29:19"}
{"level":"info","message":"undefined - API Server Start At Port 3000","timestamp":"2022-12-04 16:29:24"}
{"level":"info","message":"undefined - API Server Start At Port 3000","timestamp":"2022-12-04 16:30:54"}
{"level":"info","message":"undefined - API Server Start At Port 3000","timestamp":"2022-12-04 16:30:56"}
{"level":"info","message":"undefined - API Server Start At Port 3000","timestamp":"2022-12-04 16:30:57"}
{"level":"info","message":"undefined - API Server Start At Port 3000","timestamp":"2022-12-04 16:31:29"}
{"level":"info","message":"undefined - API Server Start At Port 3000","timestamp":"2022-12-04 16:31:50"}
{"level":"info","message":"undefined - API Server Start At Port 3000","timestamp":"2022-12-04 16:33:32"}
{"level":"info","message":"undefined - API Server Start At Port 3000","timestamp":"2022-12-04 16:33:43"}
{"level":"info","message":"undefined - API Server Start At Port 3000","timestamp":"2022-12-04 16:33:48"}
{"level":"info","message":"undefined - API Server Start At Port 3000","timestamp":"2022-12-04 16:33:51"}
{"level":"info","message":"undefined - API Server Start At Port 3000","timestamp":"2022-12-04 16:34:04"}
{"level":"info","message":"undefined - API Server Start At Port 3000","timestamp":"2022-12-04 16:34:28"}
{"level":"info","message":"undefined - API Server Start At Port 3000","timestamp":"2022-12-04 16:34:45"}
{"level":"info","message":"undefined - API Server Start At Port 3000","timestamp":"2022-12-04 16:34:46"}
{"level":"info","message":"undefined - API Server Start At Port 3000","timestamp":"2022-12-04 16:35:25"}
{"level":"info","message":"undefined - API Server Start At Port 3000","timestamp":"2022-12-04 16:35:44"}
{"level":"info","message":"undefined - API Server Start At Port 3000","timestamp":"2022-12-04 16:35:45"}
{"level":"info","message":"undefined - API Server Start At Port 3000","timestamp":"2022-12-04 16:37:01"}
{"level":"info","message":"undefined - API Server Start At Port 3000","timestamp":"2022-12-04 16:38:28"}
{"level":"info","message":"undefined - API Server Start At Port 3000","timestamp":"2022-12-04 16:38:38"}
{"level":"info","message":"undefined - API Server Start At Port 3000","timestamp":"2022-12-04 16:38:46"}
{"level":"info","message":"undefined - API Server Start At Port 3000","timestamp":"2022-12-04 16:38:49"}
{"level":"info","message":"undefined - API Server Start At Port 3000","timestamp":"2022-12-04 16:40:26"}
{"level":"info","message":"undefined - API Server Start At Port 3000","timestamp":"2022-12-04 16:40:28"}
{"level":"info","message":"undefined - API Server Start At Port 3000","timestamp":"2022-12-04 16:57:08"}
{"level":"info","message":"undefined - API Server Start At Port 3000","timestamp":"2022-12-04 16:57:22"}
{"level":"info","message":"undefined - API Server Start At Port 3000","timestamp":"2022-12-04 16:57:39"}
{"level":"info","message":"undefined - API Server Start At Port 3000","timestamp":"2022-12-04 16:57:40"}
{"level":"info","message":"undefined - API Server Start At Port 3000","timestamp":"2022-12-04 16:57:47"}
{"level":"info","message":"undefined - API Server Start At Port 3000","timestamp":"2022-12-04 17:00:51"}
{"level":"info","message":"undefined - API Server Start At Port 3000","timestamp":"2022-12-04 17:02:04"}
{"level":"info","message":"undefined - API Server Start At Port 3000","timestamp":"2022-12-04 17:03:31"}
{"level":"info","message":"undefined - API Server Start At Port 3000","timestamp":"2022-12-04 17:03:31"}
{"level":"info","message":"undefined - API Server Start At Port 3000","timestamp":"2022-12-04 17:03:44"}
{"level":"info","message":"undefined - API Server Start At Port 3000","timestamp":"2022-12-04 17:03:56"}
{"level":"info","message":"undefined - API Server Start At Port 3000","timestamp":"2022-12-04 17:05:18"}
{"level":"info","message":"undefined - API Server Start At Port 3000","timestamp":"2022-12-04 17:05:26"}
{"level":"info","message":"undefined - API Server Start At Port 3000","timestamp":"2022-12-04 17:05:30"}
{"level":"info","message":"undefined - API Server Start At Port 3000","timestamp":"2022-12-04 17:05:32"}
{"level":"info","message":"undefined - API Server Start At Port 3000","timestamp":"2022-12-04 17:06:04"}
{"level":"info","message":"undefined - API Server Start At Port 3000","timestamp":"2022-12-04 17:06:15"}
{"level":"info","message":"undefined - API Server Start At Port 3000","timestamp":"2022-12-04 17:06:30"}
{"level":"info","message":"undefined - API Server Start At Port 3000","timestamp":"2022-12-04 17:06:38"}
{"level":"info","message":"undefined - API Server Start At Port 3000","timestamp":"2022-12-04 17:07:23"}
{"level":"info","message":"undefined - API Server Start At Port 3000","timestamp":"2022-12-04 17:07:43"}
{"level":"info","message":"undefined - API Server Start At Port 3000","timestamp":"2022-12-04 17:07:45"}
{"level":"info","message":"undefined - API Server Start At Port 3000","timestamp":"2022-12-04 18:46:28"}
{"level":"info","message":"undefined - API Server Start At Port 3000","timestamp":"2022-12-04 18:47:17"}
{"level":"info","message":"undefined - API Server Start At Port 3000","timestamp":"2022-12-04 18:47:27"}
{"level":"info","message":"undefined - API Server Start At Port 3000","timestamp":"2022-12-04 18:47:28"}
{"level":"info","message":"undefined - API Server Start At Port 3000","timestamp":"2022-12-04 18:47:30"}
{"level":"info","message":"undefined - API Server Start At Port 3000","timestamp":"2022-12-04 18:47:51"}
{"level":"info","message":"undefined - API Server Start At Port 3000","timestamp":"2022-12-04 18:48:14"}
{"level":"info","message":"undefined - API Server Start At Port 3000","timestamp":"2022-12-04 18:48:23"}
{"level":"info","message":"undefined - API Server Start At Port 3000","timestamp":"2022-12-04 18:48:32"}
{"level":"info","message":"undefined - API Server Start At Port 3000","timestamp":"2022-12-04 18:48:52"}
{"level":"info","message":"undefined - API Server Start At Port 3000","timestamp":"2022-12-04 18:48:55"}
{"level":"error","message":"App - searchTrade Service error\n: Cannot read properties of undefined (reading 'push')","timestamp":"2022-12-04 18:48:57"}
{"level":"info","message":"undefined - API Server Start At Port 3000","timestamp":"2022-12-04 18:49:04"}
{"level":"info","message":"undefined - API Server Start At Port 3000","timestamp":"2022-12-04 18:49:06"}
{"level":"error","message":"App - searchTrade Service error\n: Cannot read properties of undefined (reading 'push')","timestamp":"2022-12-04 18:49:07"}
{"level":"error","message":"App - searchTrade Service error\n: Cannot read properties of undefined (reading 'push')","timestamp":"2022-12-04 18:49:08"}
{"level":"info","message":"undefined - API Server Start At Port 3000","timestamp":"2022-12-04 18:49:30"}
{"level":"error","message":"App - searchTrade Service error\n: imgUrl is not defined","timestamp":"2022-12-04 18:49:32"}
{"level":"info","message":"undefined - API Server Start At Port 3000","timestamp":"2022-12-04 18:49:54"}
{"level":"info","message":"undefined - API Server Start At Port 3000","timestamp":"2022-12-04 18:49:56"}
{"level":"info","message":"undefined - API Server Start At Port 3000","timestamp":"2022-12-04 18:50:03"}
{"level":"info","message":"undefined - API Server Start At Port 3000","timestamp":"2022-12-04 18:50:28"}
{"level":"info","message":"undefined - API Server Start At Port 3000","timestamp":"2022-12-04 18:50:54"}
{"level":"info","message":"undefined - API Server Start At Port 3000","timestamp":"2022-12-04 18:50:58"}
{"level":"info","message":"undefined - API Server Start At Port 3000","timestamp":"2022-12-04 18:51:14"}
{"level":"info","message":"undefined - API Server Start At Port 3000","timestamp":"2022-12-04 18:51:21"}
{"level":"info","message":"undefined - API Server Start At Port 3000","timestamp":"2022-12-04 18:51:26"}
{"level":"info","message":"undefined - API Server Start At Port 3000","timestamp":"2022-12-04 18:52:11"}
{"level":"info","message":"undefined - API Server Start At Port 3000","timestamp":"2022-12-04 18:52:23"}
{"level":"info","message":"undefined - API Server Start At Port 3000","timestamp":"2022-12-04 18:52:26"}
{"level":"info","message":"undefined - API Server Start At Port 3000","timestamp":"2022-12-04 18:52:46"}
{"level":"info","message":"undefined - API Server Start At Port 3000","timestamp":"2022-12-04 18:52:50"}
{"level":"info","message":"undefined - API Server Start At Port 3000","timestamp":"2022-12-04 18:52:51"}
{"level":"info","message":"undefined - API Server Start At Port 3000","timestamp":"2022-12-04 18:53:18"}
{"level":"info","message":"undefined - API Server Start At Port 3000","timestamp":"2022-12-04 18:53:18"}
{"level":"info","message":"undefined - API Server Start At Port 3000","timestamp":"2022-12-04 18:53:29"}
{"level":"info","message":"undefined - API Server Start At Port 3000","timestamp":"2022-12-04 18:53:29"}
{"level":"error","message":"App - searchTrade Service error\n: Cannot read properties of undefined (reading 'push')","timestamp":"2022-12-04 18:53:31"}
{"level":"info","message":"undefined - API Server Start At Port 3000","timestamp":"2022-12-04 18:53:49"}
{"level":"info","message":"undefined - API Server Start At Port 3000","timestamp":"2022-12-04 18:53:54"}
{"level":"info","message":"undefined - API Server Start At Port 3000","timestamp":"2022-12-04 18:54:17"}
{"level":"info","message":"undefined - API Server Start At Port 3000","timestamp":"2022-12-04 18:54:19"}
{"level":"info","message":"undefined - API Server Start At Port 3000","timestamp":"2022-12-04 18:54:32"}
{"level":"info","message":"undefined - API Server Start At Port 3000","timestamp":"2022-12-04 18:54:54"}
{"level":"info","message":"undefined - API Server Start At Port 3000","timestamp":"2022-12-04 18:54:55"}
{"level":"info","message":"undefined - API Server Start At Port 3000","timestamp":"2022-12-04 18:54:57"}
{"level":"info","message":"undefined - API Server Start At Port 3000","timestamp":"2022-12-04 18:55:12"}
{"level":"info","message":"undefined - API Server Start At Port 3000","timestamp":"2022-12-04 18:55:16"}
{"level":"info","message":"undefined - API Server Start At Port 3000","timestamp":"2022-12-04 18:55:26"}
{"level":"info","message":"undefined - API Server Start At Port 3000","timestamp":"2022-12-04 18:57:47"}
{"level":"info","message":"undefined - API Server Start At Port 3000","timestamp":"2022-12-04 18:57:53"}
{"level":"info","message":"undefined - API Server Start At Port 3000","timestamp":"2022-12-04 18:57:59"}
{"level":"info","message":"undefined - API Server Start At Port 3000","timestamp":"2022-12-04 18:57:59"}
{"level":"info","message":"undefined - API Server Start At Port 3000","timestamp":"2022-12-04 18:58:20"}
{"level":"info","message":"undefined - API Server Start At Port 3000","timestamp":"2022-12-04 18:58:28"}
{"level":"info","message":"undefined - API Server Start At Port 3000","timestamp":"2022-12-04 18:58:36"}
{"level":"info","message":"undefined - API Server Start At Port 3000","timestamp":"2022-12-04 18:58:46"}
{"level":"info","message":"undefined - API Server Start At Port 3000","timestamp":"2022-12-04 18:58:50"}
{"level":"info","message":"undefined - API Server Start At Port 3000","timestamp":"2022-12-04 18:58:50"}
{"level":"info","message":"undefined - API Server Start At Port 3000","timestamp":"2022-12-04 18:59:15"}
{"level":"info","message":"undefined - API Server Start At Port 3000","timestamp":"2022-12-04 18:59:16"}
{"level":"info","message":"undefined - API Server Start At Port 3000","timestamp":"2022-12-04 18:59:37"}
{"level":"info","message":"undefined - API Server Start At Port 3000","timestamp":"2022-12-04 19:00:00"}
{"level":"info","message":"undefined - API Server Start At Port 3000","timestamp":"2022-12-04 19:00:24"}
{"level":"info","message":"undefined - API Server Start At Port 3000","timestamp":"2022-12-04 19:00:35"}
{"level":"info","message":"undefined - API Server Start At Port 3000","timestamp":"2022-12-04 19:00:35"}
{"level":"info","message":"undefined - API Server Start At Port 3000","timestamp":"2022-12-04 19:06:21"}
{"level":"info","message":"undefined - API Server Start At Port 3000","timestamp":"2022-12-04 19:06:45"}
{"level":"info","message":"undefined - API Server Start At Port 3000","timestamp":"2022-12-04 20:47:21"}
{"level":"info","message":"undefined - API Server Start At Port 3000","timestamp":"2022-12-04 20:50:17"}
{"level":"info","message":"undefined - API Server Start At Port 3000","timestamp":"2022-12-04 20:50:33"}
{"level":"info","message":"undefined - API Server Start At Port 3000","timestamp":"2022-12-04 20:50:43"}
{"level":"info","message":"undefined - API Server Start At Port 3000","timestamp":"2022-12-04 20:51:06"}
{"level":"info","message":"undefined - API Server Start At Port 3000","timestamp":"2022-12-04 20:51:13"}
{"level":"info","message":"undefined - API Server Start At Port 3000","timestamp":"2022-12-04 20:51:30"}
